2024-03-29 13:50:42,783 root- INFO - client_0 connected: ('127.0.0.1', 53794)
2024-03-29 13:52:19,410 root- INFO - client_1 connected: ('127.0.0.1', 53861)
2024-03-29 13:52:19,851 root- INFO - ERRORS  invalid literal for int() with base 10: ''
2024-03-29 13:52:19,851 root- INFO - RESULT : H-UCT WIN
2024-03-29 13:52:20,989 root- INFO - ERRORS  invalid literal for int() with base 10: ''
2024-03-29 13:52:20,989 root- INFO - RESULT : H-UCT WIN
2024-03-29 13:52:20,990 root- INFO - ERRORS  [Errno 32] Broken pipe
2024-03-29 13:52:20,990 root- INFO - RESULT : H-UCT WIN
2024-03-29 13:52:22,039 root- INFO - ERRORS  [Errno 32] Broken pipe
2024-03-29 13:52:22,040 root- INFO - RESULT : H-UCT WIN
2024-03-29 13:52:22,041 root- INFO - ERRORS  [Errno 32] Broken pipe
2024-03-29 13:52:22,041 root- INFO - RESULT : H-UCT WIN
2024-03-29 13:52:23,118 root- INFO - ERRORS  [Errno 32] Broken pipe
2024-03-29 13:52:23,119 root- INFO - RESULT : H-UCT WIN
2024-03-29 13:52:23,119 root- INFO - ERRORS  [Errno 32] Broken pipe
2024-03-29 13:52:23,119 root- INFO - RESULT : H-UCT WIN
2024-03-29 13:52:24,195 root- INFO - ERRORS  [Errno 32] Broken pipe
2024-03-29 13:52:24,195 root- INFO - RESULT : H-UCT WIN
2024-03-29 13:52:24,196 root- INFO - ERRORS  [Errno 32] Broken pipe
2024-03-29 13:52:24,196 root- INFO - RESULT : H-UCT WIN
2024-03-29 13:52:25,288 root- INFO - ERRORS  [Errno 32] Broken pipe
2024-03-29 13:52:25,288 root- INFO - RESULT : H-UCT WIN
2024-03-29 13:52:25,288 root- INFO - ERRORS  [Errno 32] Broken pipe
2024-03-29 13:52:25,288 root- INFO - rank : 1  Neural-UCT wins 0
2024-03-29 13:52:25,288 root- INFO - rank : 2  H-UCT wins 0
2024-03-29 13:52:25,289 root- INFO - WRITE INTO BATTLERESULT
2024-03-29 13:56:23,464 root- INFO - client_0 connected: ('127.0.0.1', 54071)
2024-03-29 13:56:28,977 root- INFO - client_1 connected: ('127.0.0.1', 54074)
2024-03-29 13:56:29,487 root- INFO - ERRORS  invalid literal for int() with base 10: ''
2024-03-29 13:56:29,488 root- INFO - RESULT : H-UCT WIN
2024-03-29 13:56:30,618 root- INFO - ERRORS  invalid literal for int() with base 10: ''
2024-03-29 13:56:30,619 root- INFO - RESULT : H-UCT WIN
2024-03-29 13:56:30,622 root- INFO - ERRORS  [Errno 32] Broken pipe
2024-03-29 13:56:30,622 root- INFO - RESULT : H-UCT WIN
2024-03-29 13:56:31,675 root- INFO - ERRORS  [Errno 32] Broken pipe
2024-03-29 13:56:31,675 root- INFO - RESULT : H-UCT WIN
2024-03-29 13:56:31,676 root- INFO - ERRORS  [Errno 32] Broken pipe
2024-03-29 13:56:31,676 root- INFO - RESULT : H-UCT WIN
2024-03-29 13:56:32,758 root- INFO - ERRORS  [Errno 32] Broken pipe
2024-03-29 13:56:32,758 root- INFO - RESULT : H-UCT WIN
2024-03-29 13:56:32,759 root- INFO - ERRORS  [Errno 32] Broken pipe
2024-03-29 13:56:32,759 root- INFO - RESULT : H-UCT WIN
2024-03-29 13:56:33,835 root- INFO - ERRORS  [Errno 32] Broken pipe
2024-03-29 13:56:33,836 root- INFO - RESULT : H-UCT WIN
2024-03-29 13:56:33,837 root- INFO - ERRORS  [Errno 32] Broken pipe
2024-03-29 13:56:33,837 root- INFO - RESULT : H-UCT WIN
2024-03-29 13:56:34,907 root- INFO - ERRORS  [Errno 32] Broken pipe
2024-03-29 13:56:34,908 root- INFO - RESULT : H-UCT WIN
2024-03-29 13:56:34,908 root- INFO - ERRORS  [Errno 32] Broken pipe
2024-03-29 13:56:34,908 root- INFO - rank : 1  Neural-UCT wins 0
2024-03-29 13:56:34,908 root- INFO - rank : 2  H-UCT wins 0
2024-03-29 13:56:34,910 root- INFO - WRITE INTO BATTLERESULT
2024-03-29 13:57:20,571 root- INFO - client_0 connected: ('127.0.0.1', 54118)
2024-03-29 13:57:27,362 root- INFO - client_1 connected: ('127.0.0.1', 54132)
2024-03-29 14:02:12,609 root- INFO - ERRORS  invalid literal for int() with base 10: ''
2024-03-29 14:02:12,610 root- INFO - RESULT : H-UCT WIN
2024-03-29 14:02:13,612 root- INFO - ERRORS  invalid literal for int() with base 10: ''
2024-03-29 14:02:13,613 root- INFO - RESULT : H-UCT WIN
2024-03-29 14:02:13,613 root- INFO - ERRORS  [Errno 32] Broken pipe
2024-03-29 14:02:13,614 root- INFO - RESULT : H-UCT WIN
2024-03-29 14:02:14,703 root- INFO - ERRORS  [Errno 32] Broken pipe
2024-03-29 14:02:14,703 root- INFO - RESULT : H-UCT WIN
2024-03-29 14:02:14,704 root- INFO - ERRORS  [Errno 32] Broken pipe
2024-03-29 14:02:14,704 root- INFO - RESULT : H-UCT WIN
2024-03-29 14:02:15,788 root- INFO - ERRORS  [Errno 32] Broken pipe
2024-03-29 14:02:15,789 root- INFO - RESULT : H-UCT WIN
2024-03-29 14:02:15,789 root- INFO - ERRORS  [Errno 32] Broken pipe
2024-03-29 14:02:15,789 root- INFO - RESULT : H-UCT WIN
2024-03-29 14:02:16,863 root- INFO - ERRORS  [Errno 32] Broken pipe
2024-03-29 14:02:16,863 root- INFO - RESULT : H-UCT WIN
2024-03-29 14:02:16,864 root- INFO - ERRORS  [Errno 32] Broken pipe
2024-03-29 14:02:16,864 root- INFO - RESULT : H-UCT WIN
2024-03-29 14:02:17,938 root- INFO - ERRORS  [Errno 32] Broken pipe
2024-03-29 14:02:17,939 root- INFO - RESULT : H-UCT WIN
2024-03-29 14:02:17,940 root- INFO - ERRORS  [Errno 32] Broken pipe
2024-03-29 14:02:17,940 root- INFO - rank : 1  Neural-UCT wins 0
2024-03-29 14:02:17,940 root- INFO - rank : 2  H-UCT wins 0
2024-03-29 14:02:17,942 root- INFO - WRITE INTO BATTLERESULT
2024-03-29 18:27:05,469 root- INFO - client_0 connected: ('127.0.0.1', 63661)
2024-03-29 18:27:49,267 root- INFO - client_1 connected: ('127.0.0.1', 63710)
2024-03-29 18:27:49,652 root- INFO - ERRORS  invalid literal for int() with base 10: ''
2024-03-29 18:27:49,652 root- INFO - RESULT : H-UCT WIN
2024-03-29 18:27:50,713 root- INFO - ERRORS  invalid literal for int() with base 10: ''
2024-03-29 18:27:50,714 root- INFO - RESULT : H-UCT WIN
2024-03-29 18:27:50,714 root- INFO - ERRORS  [Errno 32] Broken pipe
2024-03-29 18:27:50,714 root- INFO - RESULT : H-UCT WIN
2024-03-29 18:27:51,863 root- INFO - ERRORS  [Errno 32] Broken pipe
2024-03-29 18:27:51,863 root- INFO - RESULT : H-UCT WIN
2024-03-29 18:27:51,864 root- INFO - ERRORS  [Errno 32] Broken pipe
2024-03-29 18:27:51,864 root- INFO - RESULT : H-UCT WIN
2024-03-29 18:27:52,928 root- INFO - ERRORS  [Errno 32] Broken pipe
2024-03-29 18:27:52,928 root- INFO - RESULT : H-UCT WIN
2024-03-29 18:27:52,928 root- INFO - ERRORS  [Errno 32] Broken pipe
2024-03-29 18:27:52,928 root- INFO - RESULT : H-UCT WIN
2024-03-29 18:27:54,026 root- INFO - ERRORS  [Errno 32] Broken pipe
2024-03-29 18:27:54,026 root- INFO - RESULT : H-UCT WIN
2024-03-29 18:27:54,027 root- INFO - ERRORS  [Errno 32] Broken pipe
2024-03-29 18:27:54,027 root- INFO - RESULT : H-UCT WIN
2024-03-29 18:27:55,105 root- INFO - ERRORS  [Errno 32] Broken pipe
2024-03-29 18:27:55,105 root- INFO - RESULT : H-UCT WIN
2024-03-29 18:27:55,105 root- INFO - ERRORS  [Errno 32] Broken pipe
2024-03-29 18:27:55,105 root- INFO - rank : 1  H-UCT wins 10
2024-03-29 18:27:55,105 root- INFO - rank : 2  Neural-UCT wins 0
2024-03-29 18:27:55,106 root- INFO - WRITE INTO BATTLERESULT
2024-03-29 18:29:46,171 root- INFO - client_0 connected: ('127.0.0.1', 63783)
2024-03-29 18:29:49,850 root- INFO - client_1 connected: ('127.0.0.1', 63785)
2024-03-29 18:30:44,970 root- INFO - RESULT : H-UCT WIN
2024-03-29 18:31:39,713 root- INFO - RESULT : Neural-UCT WIN
2024-03-29 18:32:34,206 root- INFO - RESULT : H-UCT WIN
2024-03-29 18:32:59,607 root- INFO - RESULT : H-UCT WIN
2024-03-29 18:34:00,193 root- INFO - RESULT : H-UCT WIN
2024-03-29 18:34:55,703 root- INFO - RESULT : H-UCT WIN
2024-03-29 18:35:44,178 root- INFO - RESULT : H-UCT WIN
2024-03-29 18:36:27,567 root- INFO - RESULT : H-UCT WIN
2024-03-29 18:37:16,217 root- INFO - RESULT : H-UCT WIN
2024-03-29 18:37:58,817 root- INFO - RESULT : Neural-UCT WIN
2024-03-29 18:37:58,817 root- INFO - rank : 1  H-UCT wins 8
2024-03-29 18:37:58,817 root- INFO - rank : 2  Neural-UCT wins 2
2024-03-29 18:37:58,818 root- INFO - WRITE INTO BATTLERESULT
